{"/Users/abdulridhoramadhan/Documents/Hacktiv8/phase3/FINAL_PROJECT/server/config/mongodb.js": {"path":"/Users/abdulridhoramadhan/Documents/Hacktiv8/phase3/FINAL_PROJECT/server/config/mongodb.js","statementMap":{"0":{"start":{"line":1,"column":0},"end":{"line":1,"column":27}},"1":{"start":{"line":2,"column":42},"end":{"line":2,"column":60}},"2":{"start":{"line":4,"column":12},"end":{"line":4,"column":35}},"3":{"start":{"line":5,"column":15},"end":{"line":11,"column":2}},"4":{"start":{"line":13,"column":11},"end":{"line":13,"column":31}},"5":{"start":{"line":15,"column":0},"end":{"line":15,"column":28}}},"fnMap":{},"branchMap":{},"s":{"0":1,"1":1,"2":1,"3":1,"4":1,"5":1},"f":{},"b":{},"_coverageSchema":"1a1c01bbd47fc00a2c39e90264f33305004495a9","hash":"5a493698b1277d1af875669d170ee720c3eeaa02"}
,"/Users/abdulridhoramadhan/Documents/Hacktiv8/phase3/FINAL_PROJECT/server/helpers/bcyrpt.js": {"path":"/Users/abdulridhoramadhan/Documents/Hacktiv8/phase3/FINAL_PROJECT/server/helpers/bcyrpt.js","statementMap":{"0":{"start":{"line":1,"column":15},"end":{"line":1,"column":32}},"1":{"start":{"line":3,"column":17},"end":{"line":6,"column":1}},"2":{"start":{"line":4,"column":15},"end":{"line":4,"column":37}},"3":{"start":{"line":5,"column":2},"end":{"line":5,"column":41}},"4":{"start":{"line":8,"column":20},"end":{"line":10,"column":1}},"5":{"start":{"line":9,"column":2},"end":{"line":9,"column":46}},"6":{"start":{"line":12,"column":0},"end":{"line":15,"column":2}}},"fnMap":{"0":{"name":"(anonymous_0)","decl":{"start":{"line":3,"column":17},"end":{"line":3,"column":18}},"loc":{"start":{"line":3,"column":31},"end":{"line":6,"column":1}},"line":3},"1":{"name":"(anonymous_1)","decl":{"start":{"line":8,"column":20},"end":{"line":8,"column":21}},"loc":{"start":{"line":8,"column":42},"end":{"line":10,"column":1}},"line":8}},"branchMap":{},"s":{"0":1,"1":1,"2":0,"3":0,"4":1,"5":0,"6":1},"f":{"0":0,"1":0},"b":{},"_coverageSchema":"1a1c01bbd47fc00a2c39e90264f33305004495a9","hash":"6651a2f5eb0fdcabd4badf9ba3951e997b6001ad"}
,"/Users/abdulridhoramadhan/Documents/Hacktiv8/phase3/FINAL_PROJECT/server/helpers/googleMaps.js": {"path":"/Users/abdulridhoramadhan/Documents/Hacktiv8/phase3/FINAL_PROJECT/server/helpers/googleMaps.js","statementMap":{"0":{"start":{"line":1,"column":19},"end":{"line":1,"column":65}},"1":{"start":{"line":3,"column":15},"end":{"line":3,"column":29}},"2":{"start":{"line":6,"column":2},"end":{"line":40,"column":3}},"3":{"start":{"line":7,"column":27},"end":{"line":14,"column":6}},"4":{"start":{"line":16,"column":4},"end":{"line":35,"column":5}},"5":{"start":{"line":20,"column":20},"end":{"line":20,"column":53}},"6":{"start":{"line":21,"column":29},"end":{"line":21,"column":63}},"7":{"start":{"line":23,"column":23},"end":{"line":25,"column":14}},"8":{"start":{"line":27,"column":6},"end":{"line":34,"column":8}},"9":{"start":{"line":36,"column":4},"end":{"line":36,"column":16}},"10":{"start":{"line":38,"column":4},"end":{"line":38,"column":46}},"11":{"start":{"line":39,"column":4},"end":{"line":39,"column":16}},"12":{"start":{"line":43,"column":0},"end":{"line":43,"column":36}}},"fnMap":{"0":{"name":"geocodeAddress","decl":{"start":{"line":5,"column":15},"end":{"line":5,"column":29}},"loc":{"start":{"line":5,"column":41},"end":{"line":41,"column":1}},"line":5}},"branchMap":{"0":{"loc":{"start":{"line":16,"column":4},"end":{"line":35,"column":5}},"type":"if","locations":[{"start":{"line":16,"column":4},"end":{"line":35,"column":5}},{"start":{},"end":{}}],"line":16},"1":{"loc":{"start":{"line":17,"column":6},"end":{"line":18,"column":47}},"type":"binary-expr","locations":[{"start":{"line":17,"column":6},"end":{"line":17,"column":36}},{"start":{"line":18,"column":6},"end":{"line":18,"column":47}}],"line":17},"2":{"loc":{"start":{"line":23,"column":23},"end":{"line":25,"column":14}},"type":"cond-expr","locations":[{"start":{"line":24,"column":10},"end":{"line":24,"column":146}},{"start":{"line":25,"column":10},"end":{"line":25,"column":14}}],"line":23}},"s":{"0":1,"1":1,"2":0,"3":0,"4":0,"5":0,"6":0,"7":0,"8":0,"9":0,"10":0,"11":0,"12":1},"f":{"0":0},"b":{"0":[0,0],"1":[0,0],"2":[0,0]},"_coverageSchema":"1a1c01bbd47fc00a2c39e90264f33305004495a9","hash":"b7debdccf47556a4993cc9d74cd8406a79fef73c"}
,"/Users/abdulridhoramadhan/Documents/Hacktiv8/phase3/FINAL_PROJECT/server/helpers/jwt.js": {"path":"/Users/abdulridhoramadhan/Documents/Hacktiv8/phase3/FINAL_PROJECT/server/helpers/jwt.js","statementMap":{"0":{"start":{"line":1,"column":12},"end":{"line":1,"column":35}},"1":{"start":{"line":2,"column":15},"end":{"line":2,"column":37}},"2":{"start":{"line":4,"column":18},"end":{"line":6,"column":1}},"3":{"start":{"line":5,"column":2},"end":{"line":5,"column":35}},"4":{"start":{"line":8,"column":20},"end":{"line":10,"column":1}},"5":{"start":{"line":9,"column":2},"end":{"line":9,"column":35}},"6":{"start":{"line":12,"column":0},"end":{"line":12,"column":44}}},"fnMap":{"0":{"name":"(anonymous_0)","decl":{"start":{"line":4,"column":18},"end":{"line":4,"column":19}},"loc":{"start":{"line":4,"column":31},"end":{"line":6,"column":1}},"line":4},"1":{"name":"(anonymous_1)","decl":{"start":{"line":8,"column":20},"end":{"line":8,"column":21}},"loc":{"start":{"line":8,"column":31},"end":{"line":10,"column":1}},"line":8}},"branchMap":{},"s":{"0":1,"1":1,"2":1,"3":0,"4":1,"5":0,"6":1},"f":{"0":0,"1":0},"b":{},"_coverageSchema":"1a1c01bbd47fc00a2c39e90264f33305004495a9","hash":"47e764b952bd9f3a53b743da3cf1d36df8df5da8"}
,"/Users/abdulridhoramadhan/Documents/Hacktiv8/phase3/FINAL_PROJECT/server/helpers/openai.js": {"path":"/Users/abdulridhoramadhan/Documents/Hacktiv8/phase3/FINAL_PROJECT/server/helpers/openai.js","statementMap":{"0":{"start":{"line":1,"column":15},"end":{"line":1,"column":32}},"1":{"start":{"line":2,"column":20},"end":{"line":2,"column":45}},"2":{"start":{"line":3,"column":27},"end":{"line":3,"column":50}},"3":{"start":{"line":5,"column":15},"end":{"line":7,"column":2}},"4":{"start":{"line":10,"column":2},"end":{"line":136,"column":3}},"5":{"start":{"line":12,"column":26},"end":{"line":16,"column":116}},"6":{"start":{"line":18,"column":30},"end":{"line":22,"column":6}},"7":{"start":{"line":24,"column":26},"end":{"line":26,"column":5}},"8":{"start":{"line":29,"column":19},"end":{"line":29,"column":21}},"9":{"start":{"line":30,"column":4},"end":{"line":45,"column":5}},"10":{"start":{"line":31,"column":6},"end":{"line":44,"column":7}},"11":{"start":{"line":32,"column":23},"end":{"line":32,"column":50}},"12":{"start":{"line":33,"column":8},"end":{"line":41,"column":9}},"13":{"start":{"line":34,"column":28},"end":{"line":39,"column":13}},"14":{"start":{"line":34,"column":70},"end":{"line":39,"column":11}},"15":{"start":{"line":40,"column":10},"end":{"line":40,"column":36}},"16":{"start":{"line":43,"column":8},"end":{"line":43,"column":76}},"17":{"start":{"line":48,"column":19},"end":{"line":97,"column":6}},"18":{"start":{"line":99,"column":23},"end":{"line":103,"column":6}},"19":{"start":{"line":105,"column":32},"end":{"line":107,"column":5}},"20":{"start":{"line":110,"column":4},"end":{"line":110,"column":48}},"21":{"start":{"line":111,"column":4},"end":{"line":111,"column":44}},"22":{"start":{"line":114,"column":27},"end":{"line":126,"column":5}},"23":{"start":{"line":116,"column":30},"end":{"line":116,"column":62}},"24":{"start":{"line":117,"column":8},"end":{"line":123,"column":9}},"25":{"start":{"line":118,"column":10},"end":{"line":122,"column":12}},"26":{"start":{"line":124,"column":8},"end":{"line":124,"column":21}},"27":{"start":{"line":128,"column":4},"end":{"line":132,"column":6}},"28":{"start":{"line":134,"column":4},"end":{"line":134,"column":62}},"29":{"start":{"line":135,"column":4},"end":{"line":135,"column":58}},"30":{"start":{"line":139,"column":0},"end":{"line":139,"column":45}}},"fnMap":{"0":{"name":"generateRecommendations","decl":{"start":{"line":9,"column":15},"end":{"line":9,"column":38}},"loc":{"start":{"line":9,"column":56},"end":{"line":137,"column":1}},"line":9},"1":{"name":"(anonymous_1)","decl":{"start":{"line":34,"column":58},"end":{"line":34,"column":59}},"loc":{"start":{"line":34,"column":70},"end":{"line":39,"column":11}},"line":34},"2":{"name":"(anonymous_2)","decl":{"start":{"line":115,"column":37},"end":{"line":115,"column":38}},"loc":{"start":{"line":115,"column":54},"end":{"line":125,"column":7}},"line":115}},"branchMap":{"0":{"loc":{"start":{"line":33,"column":8},"end":{"line":41,"column":9}},"type":"if","locations":[{"start":{"line":33,"column":8},"end":{"line":41,"column":9}},{"start":{},"end":{}}],"line":33},"1":{"loc":{"start":{"line":33,"column":12},"end":{"line":33,"column":63}},"type":"binary-expr","locations":[{"start":{"line":33,"column":12},"end":{"line":33,"column":18}},{"start":{"line":33,"column":22},"end":{"line":33,"column":35}},{"start":{"line":33,"column":39},"end":{"line":33,"column":63}}],"line":33},"2":{"loc":{"start":{"line":36,"column":17},"end":{"line":36,"column":76}},"type":"binary-expr","locations":[{"start":{"line":36,"column":17},"end":{"line":36,"column":27}},{"start":{"line":36,"column":31},"end":{"line":36,"column":76}}],"line":36},"3":{"loc":{"start":{"line":37,"column":23},"end":{"line":37,"column":68}},"type":"binary-expr","locations":[{"start":{"line":37,"column":23},"end":{"line":37,"column":38}},{"start":{"line":37,"column":42},"end":{"line":37,"column":68}}],"line":37},"4":{"loc":{"start":{"line":38,"column":25},"end":{"line":38,"column":74}},"type":"binary-expr","locations":[{"start":{"line":38,"column":25},"end":{"line":38,"column":42}},{"start":{"line":38,"column":46},"end":{"line":38,"column":59}},{"start":{"line":38,"column":63},"end":{"line":38,"column":74}}],"line":38},"5":{"loc":{"start":{"line":117,"column":8},"end":{"line":123,"column":9}},"type":"if","locations":[{"start":{"line":117,"column":8},"end":{"line":123,"column":9}},{"start":{},"end":{}}],"line":117}},"s":{"0":1,"1":1,"2":1,"3":1,"4":0,"5":0,"6":0,"7":0,"8":0,"9":0,"10":0,"11":0,"12":0,"13":0,"14":0,"15":0,"16":0,"17":0,"18":0,"19":0,"20":0,"21":0,"22":0,"23":0,"24":0,"25":0,"26":0,"27":0,"28":0,"29":0,"30":1},"f":{"0":0,"1":0,"2":0},"b":{"0":[0,0],"1":[0,0,0],"2":[0,0],"3":[0,0],"4":[0,0,0],"5":[0,0]},"_coverageSchema":"1a1c01bbd47fc00a2c39e90264f33305004495a9","hash":"ec35b5082971e51f61e27f8925f78f04e69f1559"}
,"/Users/abdulridhoramadhan/Documents/Hacktiv8/phase3/FINAL_PROJECT/server/models/UserModel.js": {"path":"/Users/abdulridhoramadhan/Documents/Hacktiv8/phase3/FINAL_PROJECT/server/models/UserModel.js","statementMap":{"0":{"start":{"line":1,"column":21},"end":{"line":1,"column":39}},"1":{"start":{"line":2,"column":15},"end":{"line":2,"column":43}},"2":{"start":{"line":3,"column":20},"end":{"line":3,"column":40}},"3":{"start":{"line":4,"column":21},"end":{"line":4,"column":49}},"4":{"start":{"line":6,"column":19},"end":{"line":6,"column":41}},"5":{"start":{"line":10,"column":4},"end":{"line":12,"column":5}},"6":{"start":{"line":11,"column":6},"end":{"line":11,"column":42}},"7":{"start":{"line":14,"column":4},"end":{"line":16,"column":5}},"8":{"start":{"line":15,"column":6},"end":{"line":15,"column":46}},"9":{"start":{"line":18,"column":4},"end":{"line":20,"column":5}},"10":{"start":{"line":19,"column":6},"end":{"line":19,"column":43}},"11":{"start":{"line":22,"column":4},"end":{"line":24,"column":5}},"12":{"start":{"line":23,"column":6},"end":{"line":23,"column":49}},"13":{"start":{"line":26,"column":4},"end":{"line":28,"column":5}},"14":{"start":{"line":27,"column":6},"end":{"line":27,"column":46}},"15":{"start":{"line":30,"column":4},"end":{"line":32,"column":5}},"16":{"start":{"line":31,"column":6},"end":{"line":31,"column":73}},"17":{"start":{"line":34,"column":24},"end":{"line":34,"column":72}},"18":{"start":{"line":35,"column":4},"end":{"line":37,"column":5}},"19":{"start":{"line":36,"column":6},"end":{"line":36,"column":49}},"20":{"start":{"line":39,"column":21},"end":{"line":39,"column":63}},"21":{"start":{"line":40,"column":4},"end":{"line":42,"column":5}},"22":{"start":{"line":41,"column":6},"end":{"line":41,"column":46}},"23":{"start":{"line":44,"column":4},"end":{"line":44,"column":44}},"24":{"start":{"line":46,"column":20},"end":{"line":46,"column":52}},"25":{"start":{"line":47,"column":4},"end":{"line":47,"column":19}},"26":{"start":{"line":51,"column":17},"end":{"line":51,"column":65}},"27":{"start":{"line":52,"column":4},"end":{"line":52,"column":16}},"28":{"start":{"line":56,"column":17},"end":{"line":56,"column":50}},"29":{"start":{"line":57,"column":4},"end":{"line":57,"column":16}},"30":{"start":{"line":61,"column":17},"end":{"line":61,"column":77}},"31":{"start":{"line":62,"column":4},"end":{"line":62,"column":16}},"32":{"start":{"line":66,"column":17},"end":{"line":66,"column":77}},"33":{"start":{"line":67,"column":4},"end":{"line":67,"column":16}},"34":{"start":{"line":71,"column":17},"end":{"line":71,"column":51}},"35":{"start":{"line":72,"column":4},"end":{"line":72,"column":16}},"36":{"start":{"line":76,"column":17},"end":{"line":76,"column":55}},"37":{"start":{"line":77,"column":4},"end":{"line":77,"column":16}},"38":{"start":{"line":80,"column":17},"end":{"line":80,"column":52}},"39":{"start":{"line":81,"column":4},"end":{"line":81,"column":16}},"40":{"start":{"line":85,"column":35},"end":{"line":85,"column":43}},"41":{"start":{"line":87,"column":19},"end":{"line":91,"column":5}},"42":{"start":{"line":93,"column":4},"end":{"line":93,"column":18}},"43":{"start":{"line":97,"column":19},"end":{"line":101,"column":5}},"44":{"start":{"line":102,"column":4},"end":{"line":102,"column":18}},"45":{"start":{"line":106,"column":17},"end":{"line":106,"column":80}},"46":{"start":{"line":108,"column":4},"end":{"line":110,"column":5}},"47":{"start":{"line":109,"column":6},"end":{"line":109,"column":18}},"48":{"start":{"line":112,"column":4},"end":{"line":114,"column":5}},"49":{"start":{"line":113,"column":6},"end":{"line":113,"column":18}},"50":{"start":{"line":116,"column":21},"end":{"line":116,"column":52}},"51":{"start":{"line":117,"column":18},"end":{"line":117,"column":28}},"52":{"start":{"line":119,"column":4},"end":{"line":119,"column":60}},"53":{"start":{"line":123,"column":4},"end":{"line":126,"column":6}},"54":{"start":{"line":130,"column":0},"end":{"line":130,"column":27}}},"fnMap":{"0":{"name":"(anonymous_0)","decl":{"start":{"line":9,"column":2},"end":{"line":9,"column":3}},"loc":{"start":{"line":9,"column":30},"end":{"line":48,"column":3}},"line":9},"1":{"name":"(anonymous_1)","decl":{"start":{"line":50,"column":2},"end":{"line":50,"column":3}},"loc":{"start":{"line":50,"column":41},"end":{"line":53,"column":3}},"line":50},"2":{"name":"(anonymous_2)","decl":{"start":{"line":55,"column":2},"end":{"line":55,"column":3}},"loc":{"start":{"line":55,"column":25},"end":{"line":58,"column":3}},"line":55},"3":{"name":"(anonymous_3)","decl":{"start":{"line":60,"column":2},"end":{"line":60,"column":3}},"loc":{"start":{"line":60,"column":29},"end":{"line":63,"column":3}},"line":60},"4":{"name":"(anonymous_4)","decl":{"start":{"line":65,"column":2},"end":{"line":65,"column":3}},"loc":{"start":{"line":65,"column":35},"end":{"line":68,"column":3}},"line":65},"5":{"name":"(anonymous_5)","decl":{"start":{"line":70,"column":2},"end":{"line":70,"column":3}},"loc":{"start":{"line":70,"column":35},"end":{"line":73,"column":3}},"line":70},"6":{"name":"(anonymous_6)","decl":{"start":{"line":75,"column":2},"end":{"line":75,"column":3}},"loc":{"start":{"line":75,"column":43},"end":{"line":78,"column":3}},"line":75},"7":{"name":"(anonymous_7)","decl":{"start":{"line":79,"column":2},"end":{"line":79,"column":3}},"loc":{"start":{"line":79,"column":37},"end":{"line":82,"column":3}},"line":79},"8":{"name":"(anonymous_8)","decl":{"start":{"line":84,"column":2},"end":{"line":84,"column":3}},"loc":{"start":{"line":84,"column":36},"end":{"line":94,"column":3}},"line":84},"9":{"name":"(anonymous_9)","decl":{"start":{"line":96,"column":2},"end":{"line":96,"column":3}},"loc":{"start":{"line":96,"column":57},"end":{"line":103,"column":3}},"line":96},"10":{"name":"(anonymous_10)","decl":{"start":{"line":105,"column":2},"end":{"line":105,"column":3}},"loc":{"start":{"line":105,"column":42},"end":{"line":120,"column":3}},"line":105},"11":{"name":"(anonymous_11)","decl":{"start":{"line":122,"column":2},"end":{"line":122,"column":3}},"loc":{"start":{"line":122,"column":46},"end":{"line":127,"column":3}},"line":122}},"branchMap":{"0":{"loc":{"start":{"line":10,"column":4},"end":{"line":12,"column":5}},"type":"if","locations":[{"start":{"line":10,"column":4},"end":{"line":12,"column":5}},{"start":{},"end":{}}],"line":10},"1":{"loc":{"start":{"line":14,"column":4},"end":{"line":16,"column":5}},"type":"if","locations":[{"start":{"line":14,"column":4},"end":{"line":16,"column":5}},{"start":{},"end":{}}],"line":14},"2":{"loc":{"start":{"line":18,"column":4},"end":{"line":20,"column":5}},"type":"if","locations":[{"start":{"line":18,"column":4},"end":{"line":20,"column":5}},{"start":{},"end":{}}],"line":18},"3":{"loc":{"start":{"line":22,"column":4},"end":{"line":24,"column":5}},"type":"if","locations":[{"start":{"line":22,"column":4},"end":{"line":24,"column":5}},{"start":{},"end":{}}],"line":22},"4":{"loc":{"start":{"line":26,"column":4},"end":{"line":28,"column":5}},"type":"if","locations":[{"start":{"line":26,"column":4},"end":{"line":28,"column":5}},{"start":{},"end":{}}],"line":26},"5":{"loc":{"start":{"line":30,"column":4},"end":{"line":32,"column":5}},"type":"if","locations":[{"start":{"line":30,"column":4},"end":{"line":32,"column":5}},{"start":{},"end":{}}],"line":30},"6":{"loc":{"start":{"line":35,"column":4},"end":{"line":37,"column":5}},"type":"if","locations":[{"start":{"line":35,"column":4},"end":{"line":37,"column":5}},{"start":{},"end":{}}],"line":35},"7":{"loc":{"start":{"line":40,"column":4},"end":{"line":42,"column":5}},"type":"if","locations":[{"start":{"line":40,"column":4},"end":{"line":42,"column":5}},{"start":{},"end":{}}],"line":40},"8":{"loc":{"start":{"line":108,"column":4},"end":{"line":110,"column":5}},"type":"if","locations":[{"start":{"line":108,"column":4},"end":{"line":110,"column":5}},{"start":{},"end":{}}],"line":108},"9":{"loc":{"start":{"line":112,"column":4},"end":{"line":114,"column":5}},"type":"if","locations":[{"start":{"line":112,"column":4},"end":{"line":114,"column":5}},{"start":{},"end":{}}],"line":112}},"s":{"0":1,"1":1,"2":1,"3":1,"4":1,"5":0,"6":0,"7":0,"8":0,"9":0,"10":0,"11":0,"12":0,"13":0,"14":0,"15":0,"16":0,"17":0,"18":0,"19":0,"20":0,"21":0,"22":0,"23":0,"24":0,"25":0,"26":0,"27":0,"28":0,"29":0,"30":0,"31":0,"32":0,"33":0,"34":0,"35":0,"36":0,"37":0,"38":0,"39":0,"40":0,"41":0,"42":0,"43":0,"44":0,"45":0,"46":0,"47":0,"48":0,"49":0,"50":0,"51":0,"52":0,"53":0,"54":1},"f":{"0":0,"1":0,"2":0,"3":0,"4":0,"5":0,"6":0,"7":0,"8":0,"9":0,"10":0,"11":0},"b":{"0":[0,0],"1":[0,0],"2":[0,0],"3":[0,0],"4":[0,0],"5":[0,0],"6":[0,0],"7":[0,0],"8":[0,0],"9":[0,0]},"_coverageSchema":"1a1c01bbd47fc00a2c39e90264f33305004495a9","hash":"8cd1ba176daf8942cb331e53c40eff0be9502ae0"}
,"/Users/abdulridhoramadhan/Documents/Hacktiv8/phase3/FINAL_PROJECT/server/schema/userSchema.js": {"path":"/Users/abdulridhoramadhan/Documents/Hacktiv8/phase3/FINAL_PROJECT/server/schema/userSchema.js","statementMap":{"0":{"start":{"line":1,"column":18},"end":{"line":1,"column":48}},"1":{"start":{"line":2,"column":24},"end":{"line":2,"column":52}},"2":{"start":{"line":3,"column":22},"end":{"line":3,"column":47}},"3":{"start":{"line":4,"column":36},"end":{"line":4,"column":64}},"4":{"start":{"line":5,"column":21},"end":{"line":5,"column":39}},"5":{"start":{"line":7,"column":17},"end":{"line":89,"column":1}},"6":{"start":{"line":91,"column":18},"end":{"line":250,"column":1}},"7":{"start":{"line":93,"column":22},"end":{"line":93,"column":38}},"8":{"start":{"line":96,"column":6},"end":{"line":96,"column":32}},"9":{"start":{"line":97,"column":20},"end":{"line":97,"column":45}},"10":{"start":{"line":98,"column":6},"end":{"line":98,"column":19}},"11":{"start":{"line":102,"column":6},"end":{"line":102,"column":32}},"12":{"start":{"line":103,"column":22},"end":{"line":103,"column":47}},"13":{"start":{"line":104,"column":6},"end":{"line":104,"column":24}},"14":{"start":{"line":105,"column":19},"end":{"line":105,"column":54}},"15":{"start":{"line":106,"column":6},"end":{"line":106,"column":18}},"16":{"start":{"line":110,"column":6},"end":{"line":115,"column":7}},"17":{"start":{"line":111,"column":21},"end":{"line":111,"column":46}},"18":{"start":{"line":112,"column":8},"end":{"line":112,"column":37}},"19":{"start":{"line":114,"column":8},"end":{"line":114,"column":39}},"20":{"start":{"line":118,"column":6},"end":{"line":124,"column":7}},"21":{"start":{"line":119,"column":21},"end":{"line":119,"column":46}},"22":{"start":{"line":120,"column":36},"end":{"line":120,"column":40}},"23":{"start":{"line":121,"column":8},"end":{"line":121,"column":38}},"24":{"start":{"line":123,"column":8},"end":{"line":123,"column":39}},"25":{"start":{"line":129,"column":22},"end":{"line":129,"column":26}},"26":{"start":{"line":130,"column":21},"end":{"line":130,"column":54}},"27":{"start":{"line":131,"column":6},"end":{"line":131,"column":38}},"28":{"start":{"line":133,"column":6},"end":{"line":133,"column":21}},"29":{"start":{"line":137,"column":37},"end":{"line":137,"column":41}},"30":{"start":{"line":139,"column":6},"end":{"line":139,"column":61}},"31":{"start":{"line":139,"column":21},"end":{"line":139,"column":61}},"32":{"start":{"line":140,"column":6},"end":{"line":140,"column":61}},"33":{"start":{"line":140,"column":21},"end":{"line":140,"column":61}},"34":{"start":{"line":142,"column":19},"end":{"line":142,"column":62}},"35":{"start":{"line":143,"column":6},"end":{"line":143,"column":55}},"36":{"start":{"line":143,"column":17},"end":{"line":143,"column":55}},"37":{"start":{"line":145,"column":30},"end":{"line":145,"column":66}},"38":{"start":{"line":146,"column":6},"end":{"line":146,"column":76}},"39":{"start":{"line":146,"column":28},"end":{"line":146,"column":76}},"40":{"start":{"line":148,"column":33},"end":{"line":148,"column":77}},"41":{"start":{"line":150,"column":20},"end":{"line":153,"column":8}},"42":{"start":{"line":155,"column":6},"end":{"line":160,"column":8}},"43":{"start":{"line":163,"column":6},"end":{"line":180,"column":7}},"44":{"start":{"line":164,"column":21},"end":{"line":164,"column":46}},"45":{"start":{"line":165,"column":24},"end":{"line":165,"column":28}},"46":{"start":{"line":167,"column":32},"end":{"line":167,"column":67}},"47":{"start":{"line":169,"column":28},"end":{"line":175,"column":10}},"48":{"start":{"line":177,"column":8},"end":{"line":177,"column":27}},"49":{"start":{"line":179,"column":8},"end":{"line":179,"column":39}},"50":{"start":{"line":183,"column":6},"end":{"line":196,"column":7}},"51":{"start":{"line":184,"column":21},"end":{"line":184,"column":46}},"52":{"start":{"line":185,"column":24},"end":{"line":185,"column":28}},"53":{"start":{"line":187,"column":28},"end":{"line":191,"column":9}},"54":{"start":{"line":193,"column":8},"end":{"line":193,"column":27}},"55":{"start":{"line":195,"column":8},"end":{"line":195,"column":39}},"56":{"start":{"line":199,"column":6},"end":{"line":220,"column":7}},"57":{"start":{"line":200,"column":21},"end":{"line":200,"column":46}},"58":{"start":{"line":201,"column":24},"end":{"line":201,"column":28}},"59":{"start":{"line":203,"column":28},"end":{"line":207,"column":9}},"60":{"start":{"line":209,"column":8},"end":{"line":211,"column":9}},"61":{"start":{"line":210,"column":10},"end":{"line":210,"column":49}},"62":{"start":{"line":213,"column":8},"end":{"line":215,"column":9}},"63":{"start":{"line":214,"column":10},"end":{"line":214,"column":45}},"64":{"start":{"line":217,"column":8},"end":{"line":217,"column":27}},"65":{"start":{"line":219,"column":8},"end":{"line":219,"column":39}},"66":{"start":{"line":223,"column":6},"end":{"line":247,"column":7}},"67":{"start":{"line":224,"column":21},"end":{"line":224,"column":46}},"68":{"start":{"line":225,"column":24},"end":{"line":225,"column":28}},"69":{"start":{"line":228,"column":32},"end":{"line":235,"column":10}},"70":{"start":{"line":238,"column":28},"end":{"line":242,"column":10}},"71":{"start":{"line":244,"column":8},"end":{"line":244,"column":27}},"72":{"start":{"line":246,"column":8},"end":{"line":246,"column":39}},"73":{"start":{"line":252,"column":0},"end":{"line":255,"column":2}}},"fnMap":{"0":{"name":"(anonymous_0)","decl":{"start":{"line":93,"column":16},"end":{"line":93,"column":17}},"loc":{"start":{"line":93,"column":22},"end":{"line":93,"column":38}},"line":93},"1":{"name":"(anonymous_1)","decl":{"start":{"line":95,"column":17},"end":{"line":95,"column":18}},"loc":{"start":{"line":95,"column":55},"end":{"line":99,"column":5}},"line":95},"2":{"name":"(anonymous_2)","decl":{"start":{"line":101,"column":20},"end":{"line":101,"column":21}},"loc":{"start":{"line":101,"column":58},"end":{"line":107,"column":5}},"line":101},"3":{"name":"(anonymous_3)","decl":{"start":{"line":109,"column":19},"end":{"line":109,"column":20}},"loc":{"start":{"line":109,"column":50},"end":{"line":116,"column":5}},"line":109},"4":{"name":"(anonymous_4)","decl":{"start":{"line":117,"column":25},"end":{"line":117,"column":26}},"loc":{"start":{"line":117,"column":56},"end":{"line":125,"column":5}},"line":117},"5":{"name":"(anonymous_5)","decl":{"start":{"line":128,"column":16},"end":{"line":128,"column":17}},"loc":{"start":{"line":128,"column":54},"end":{"line":134,"column":5}},"line":128},"6":{"name":"(anonymous_6)","decl":{"start":{"line":136,"column":11},"end":{"line":136,"column":12}},"loc":{"start":{"line":136,"column":49},"end":{"line":161,"column":5}},"line":136},"7":{"name":"(anonymous_7)","decl":{"start":{"line":162,"column":27},"end":{"line":162,"column":28}},"loc":{"start":{"line":162,"column":60},"end":{"line":181,"column":5}},"line":162},"8":{"name":"(anonymous_8)","decl":{"start":{"line":182,"column":18},"end":{"line":182,"column":19}},"loc":{"start":{"line":182,"column":59},"end":{"line":197,"column":5}},"line":182},"9":{"name":"(anonymous_9)","decl":{"start":{"line":198,"column":20},"end":{"line":198,"column":21}},"loc":{"start":{"line":198,"column":61},"end":{"line":221,"column":5}},"line":198},"10":{"name":"(anonymous_10)","decl":{"start":{"line":222,"column":21},"end":{"line":222,"column":22}},"loc":{"start":{"line":222,"column":52},"end":{"line":248,"column":5}},"line":222}},"branchMap":{"0":{"loc":{"start":{"line":112,"column":15},"end":{"line":112,"column":36}},"type":"binary-expr","locations":[{"start":{"line":112,"column":15},"end":{"line":112,"column":30}},{"start":{"line":112,"column":34},"end":{"line":112,"column":36}}],"line":112},"1":{"loc":{"start":{"line":139,"column":6},"end":{"line":139,"column":61}},"type":"if","locations":[{"start":{"line":139,"column":6},"end":{"line":139,"column":61}},{"start":{},"end":{}}],"line":139},"2":{"loc":{"start":{"line":140,"column":6},"end":{"line":140,"column":61}},"type":"if","locations":[{"start":{"line":140,"column":6},"end":{"line":140,"column":61}},{"start":{},"end":{}}],"line":140},"3":{"loc":{"start":{"line":143,"column":6},"end":{"line":143,"column":55}},"type":"if","locations":[{"start":{"line":143,"column":6},"end":{"line":143,"column":55}},{"start":{},"end":{}}],"line":143},"4":{"loc":{"start":{"line":146,"column":6},"end":{"line":146,"column":76}},"type":"if","locations":[{"start":{"line":146,"column":6},"end":{"line":146,"column":76}},{"start":{},"end":{}}],"line":146},"5":{"loc":{"start":{"line":209,"column":8},"end":{"line":211,"column":9}},"type":"if","locations":[{"start":{"line":209,"column":8},"end":{"line":211,"column":9}},{"start":{},"end":{}}],"line":209},"6":{"loc":{"start":{"line":213,"column":8},"end":{"line":215,"column":9}},"type":"if","locations":[{"start":{"line":213,"column":8},"end":{"line":215,"column":9}},{"start":{},"end":{}}],"line":213}},"s":{"0":1,"1":1,"2":1,"3":1,"4":1,"5":1,"6":1,"7":1,"8":0,"9":0,"10":0,"11":0,"12":0,"13":0,"14":0,"15":0,"16":0,"17":0,"18":0,"19":0,"20":0,"21":0,"22":0,"23":0,"24":0,"25":0,"26":0,"27":0,"28":0,"29":0,"30":0,"31":0,"32":0,"33":0,"34":0,"35":0,"36":0,"37":0,"38":0,"39":0,"40":0,"41":0,"42":0,"43":0,"44":0,"45":0,"46":0,"47":0,"48":0,"49":0,"50":0,"51":0,"52":0,"53":0,"54":0,"55":0,"56":0,"57":0,"58":0,"59":0,"60":0,"61":0,"62":0,"63":0,"64":0,"65":0,"66":0,"67":0,"68":0,"69":0,"70":0,"71":0,"72":0,"73":1},"f":{"0":1,"1":0,"2":0,"3":0,"4":0,"5":0,"6":0,"7":0,"8":0,"9":0,"10":0},"b":{"0":[0,0],"1":[0,0],"2":[0,0],"3":[0,0],"4":[0,0],"5":[0,0],"6":[0,0]},"_coverageSchema":"1a1c01bbd47fc00a2c39e90264f33305004495a9","hash":"3036f5fabb98134a187cd780cfbf3be241ee7739"}
}
